<?xml version="1.0" encoding="UTF-8"?>
<!-- Generated by org.testng.reporters.JUnitXMLReporter -->
<testsuite ignored="0" hostname="LAPTOP-VJDATRLL" failures="0" tests="4" name="Test" time="34.171" errors="0" timestamp="2022-03-21T14:24:24 CDT">
  <testcase classname="testcases.LoginTest" name="ExternalDataTest" time="4.775"/>
  <testcase classname="testcases.LoginTest" name="loginFailureTest" time="5.476"/>
  <testcase classname="testcases.LoginTest" name="loginSuccessTest" time="6.919"/>
  <testcase classname="testcases.LoginTest" name="parameterTest" time="7.711"/>
</testsuite> <!-- Test -->
