<?xml version="1.0" encoding="UTF-8"?>
<!-- Generated by org.testng.reporters.JUnitXMLReporter -->
<testsuite hostname="LAPTOP-VJDATRLL" ignored="0" name="Test" tests="4" failures="0" timestamp="2022-03-22T12:27:04 CDT" time="45.72" errors="0">
  <testcase name="ExternalDataTest" time="9.7" classname="testcases.LoginTest"/>
  <testcase name="loginFailureTest" time="6.808" classname="testcases.LoginTest"/>
  <testcase name="loginSuccessTest" time="9.681" classname="testcases.LoginTest"/>
  <testcase name="parameterTest" time="6.147" classname="testcases.LoginTest"/>
</testsuite> <!-- Test -->
